CRITICAL - 2025-03-20 05:28:03 --> ArgumentCountError: Too few arguments to function CodeIgniter\View\Cell::__construct(), 0 passed in C:\xampp\htdocs\Framework\system\Config\Factories.php on line 152 and exactly 1 expected
[Method: GET, Route: /]
in SYSTEMPATH\View\Cell.php on line 62.
 1 SYSTEMPATH\Config\Factories.php(152): CodeIgniter\View\Cell->__construct()
 2 SYSTEMPATH\View\Cell.php(186): CodeIgniter\Config\Factories::__callStatic('cells', [])
 3 SYSTEMPATH\View\Cell.php(79): CodeIgniter\View\Cell->determineClass('App\\Cells\\ArtikelTerkini:render')
 4 SYSTEMPATH\Common.php(1189): CodeIgniter\View\Cell->render('App\\Cells\\ArtikelTerkini::render', null, 0, null)
 5 APPPATH\Views\layout\main.php(25): view_cell('App\\Cells\\ArtikelTerkini::render')
 6 SYSTEMPATH\View\View.php(224): include('C:\\xampp\\htdocs\\Framework\\app\\Views\\layout\\main.php')
 7 SYSTEMPATH\View\View.php(227): CodeIgniter\View\View->CodeIgniter\View\{closure}()
 8 SYSTEMPATH\View\View.php(240): CodeIgniter\View\View->render('layout/main', [], true)
 9 SYSTEMPATH\Common.php(1173): CodeIgniter\View\View->render('home', [], true)
10 APPPATH\Controllers\Home.php(14): view('home', [...])
11 SYSTEMPATH\CodeIgniter.php(933): App\Controllers\Home->index()
12 SYSTEMPATH\CodeIgniter.php(507): CodeIgniter\CodeIgniter->runController(Object(App\Controllers\Home))
13 SYSTEMPATH\CodeIgniter.php(354): CodeIgniter\CodeIgniter->handleRequest(null, Object(Config\Cache), false)
14 SYSTEMPATH\Boot.php(334): CodeIgniter\CodeIgniter->run()
15 SYSTEMPATH\Boot.php(67): CodeIgniter\Boot::runCodeIgniter(Object(CodeIgniter\CodeIgniter))
16 FCPATH\index.php(56): CodeIgniter\Boot::bootWeb(Object(Config\Paths))
17 SYSTEMPATH\rewrite.php(44): require_once('C:\\xampp\\htdocs\\Framework\\public\\index.php')
CRITICAL - 2025-03-20 05:30:56 --> ArgumentCountError: Too few arguments to function CodeIgniter\View\Cell::__construct(), 0 passed in C:\xampp\htdocs\Framework\system\Config\Factories.php on line 152 and exactly 1 expected
[Method: GET, Route: /]
in SYSTEMPATH\View\Cell.php on line 62.
 1 SYSTEMPATH\Config\Factories.php(152): CodeIgniter\View\Cell->__construct()
 2 SYSTEMPATH\View\Cell.php(186): CodeIgniter\Config\Factories::__callStatic('cells', [])
 3 SYSTEMPATH\View\Cell.php(79): CodeIgniter\View\Cell->determineClass('App\\Cells\\ArtikelTerkini:render')
 4 SYSTEMPATH\Common.php(1189): CodeIgniter\View\Cell->render('App\\Cells\\ArtikelTerkini::render', null, 0, null)
 5 APPPATH\Views\layout\main.php(25): view_cell('App\\Cells\\ArtikelTerkini::render')
 6 SYSTEMPATH\View\View.php(224): include('C:\\xampp\\htdocs\\Framework\\app\\Views\\layout\\main.php')
 7 SYSTEMPATH\View\View.php(227): CodeIgniter\View\View->CodeIgniter\View\{closure}()
 8 SYSTEMPATH\View\View.php(240): CodeIgniter\View\View->render('layout/main', [], true)
 9 SYSTEMPATH\Common.php(1173): CodeIgniter\View\View->render('home', [], true)
10 APPPATH\Controllers\Home.php(14): view('home', [...])
11 SYSTEMPATH\CodeIgniter.php(933): App\Controllers\Home->index()
12 SYSTEMPATH\CodeIgniter.php(507): CodeIgniter\CodeIgniter->runController(Object(App\Controllers\Home))
13 SYSTEMPATH\CodeIgniter.php(354): CodeIgniter\CodeIgniter->handleRequest(null, Object(Config\Cache), false)
14 SYSTEMPATH\Boot.php(334): CodeIgniter\CodeIgniter->run()
15 SYSTEMPATH\Boot.php(67): CodeIgniter\Boot::runCodeIgniter(Object(CodeIgniter\CodeIgniter))
16 FCPATH\index.php(56): CodeIgniter\Boot::bootWeb(Object(Config\Paths))
17 SYSTEMPATH\rewrite.php(44): require_once('C:\\xampp\\htdocs\\Framework\\public\\index.php')
CRITICAL - 2025-03-20 05:31:04 --> ArgumentCountError: Too few arguments to function CodeIgniter\View\Cell::__construct(), 0 passed in C:\xampp\htdocs\Framework\system\Config\Factories.php on line 152 and exactly 1 expected
[Method: GET, Route: /]
in SYSTEMPATH\View\Cell.php on line 62.
 1 SYSTEMPATH\Config\Factories.php(152): CodeIgniter\View\Cell->__construct()
 2 SYSTEMPATH\View\Cell.php(186): CodeIgniter\Config\Factories::__callStatic('cells', [])
 3 SYSTEMPATH\View\Cell.php(79): CodeIgniter\View\Cell->determineClass('App\\Cells\\ArtikelTerkini:render')
 4 SYSTEMPATH\Common.php(1189): CodeIgniter\View\Cell->render('App\\Cells\\ArtikelTerkini::render', null, 0, null)
 5 APPPATH\Views\layout\main.php(25): view_cell('App\\Cells\\ArtikelTerkini::render')
 6 SYSTEMPATH\View\View.php(224): include('C:\\xampp\\htdocs\\Framework\\app\\Views\\layout\\main.php')
 7 SYSTEMPATH\View\View.php(227): CodeIgniter\View\View->CodeIgniter\View\{closure}()
 8 SYSTEMPATH\View\View.php(240): CodeIgniter\View\View->render('layout/main', [], true)
 9 SYSTEMPATH\Common.php(1173): CodeIgniter\View\View->render('home', [], true)
10 APPPATH\Controllers\Home.php(14): view('home', [...])
11 SYSTEMPATH\CodeIgniter.php(933): App\Controllers\Home->index()
12 SYSTEMPATH\CodeIgniter.php(507): CodeIgniter\CodeIgniter->runController(Object(App\Controllers\Home))
13 SYSTEMPATH\CodeIgniter.php(354): CodeIgniter\CodeIgniter->handleRequest(null, Object(Config\Cache), false)
14 SYSTEMPATH\Boot.php(334): CodeIgniter\CodeIgniter->run()
15 SYSTEMPATH\Boot.php(67): CodeIgniter\Boot::runCodeIgniter(Object(CodeIgniter\CodeIgniter))
16 FCPATH\index.php(56): CodeIgniter\Boot::bootWeb(Object(Config\Paths))
17 SYSTEMPATH\rewrite.php(44): require_once('C:\\xampp\\htdocs\\Framework\\public\\index.php')
CRITICAL - 2025-03-20 05:31:10 --> ArgumentCountError: Too few arguments to function CodeIgniter\View\Cell::__construct(), 0 passed in C:\xampp\htdocs\Framework\system\Config\Factories.php on line 152 and exactly 1 expected
[Method: GET, Route: /]
in SYSTEMPATH\View\Cell.php on line 62.
 1 SYSTEMPATH\Config\Factories.php(152): CodeIgniter\View\Cell->__construct()
 2 SYSTEMPATH\View\Cell.php(186): CodeIgniter\Config\Factories::__callStatic('cells', [])
 3 SYSTEMPATH\View\Cell.php(79): CodeIgniter\View\Cell->determineClass('App\\Cells\\ArtikelTerkini:render')
 4 SYSTEMPATH\Common.php(1189): CodeIgniter\View\Cell->render('App\\Cells\\ArtikelTerkini::render', null, 0, null)
 5 APPPATH\Views\layout\main.php(25): view_cell('App\\Cells\\ArtikelTerkini::render')
 6 SYSTEMPATH\View\View.php(224): include('C:\\xampp\\htdocs\\Framework\\app\\Views\\layout\\main.php')
 7 SYSTEMPATH\View\View.php(227): CodeIgniter\View\View->CodeIgniter\View\{closure}()
 8 SYSTEMPATH\View\View.php(240): CodeIgniter\View\View->render('layout/main', [], true)
 9 SYSTEMPATH\Common.php(1173): CodeIgniter\View\View->render('home', [], true)
10 APPPATH\Controllers\Home.php(14): view('home', [...])
11 SYSTEMPATH\CodeIgniter.php(933): App\Controllers\Home->index()
12 SYSTEMPATH\CodeIgniter.php(507): CodeIgniter\CodeIgniter->runController(Object(App\Controllers\Home))
13 SYSTEMPATH\CodeIgniter.php(354): CodeIgniter\CodeIgniter->handleRequest(null, Object(Config\Cache), false)
14 SYSTEMPATH\Boot.php(334): CodeIgniter\CodeIgniter->run()
15 SYSTEMPATH\Boot.php(67): CodeIgniter\Boot::runCodeIgniter(Object(CodeIgniter\CodeIgniter))
16 FCPATH\index.php(56): CodeIgniter\Boot::bootWeb(Object(Config\Paths))
17 SYSTEMPATH\rewrite.php(44): require_once('C:\\xampp\\htdocs\\Framework\\public\\index.php')
CRITICAL - 2025-03-20 05:31:21 --> ArgumentCountError: Too few arguments to function CodeIgniter\View\Cell::__construct(), 0 passed in C:\xampp\htdocs\Framework\system\Config\Factories.php on line 152 and exactly 1 expected
[Method: GET, Route: /]
in SYSTEMPATH\View\Cell.php on line 62.
 1 SYSTEMPATH\Config\Factories.php(152): CodeIgniter\View\Cell->__construct()
 2 SYSTEMPATH\View\Cell.php(186): CodeIgniter\Config\Factories::__callStatic('cells', [])
 3 SYSTEMPATH\View\Cell.php(79): CodeIgniter\View\Cell->determineClass('App\\Cells\\ArtikelTerkini:render')
 4 SYSTEMPATH\Common.php(1189): CodeIgniter\View\Cell->render('App\\Cells\\ArtikelTerkini::render', null, 0, null)
 5 APPPATH\Views\layout\main.php(25): view_cell('App\\Cells\\ArtikelTerkini::render')
 6 SYSTEMPATH\View\View.php(224): include('C:\\xampp\\htdocs\\Framework\\app\\Views\\layout\\main.php')
 7 SYSTEMPATH\View\View.php(227): CodeIgniter\View\View->CodeIgniter\View\{closure}()
 8 SYSTEMPATH\View\View.php(240): CodeIgniter\View\View->render('layout/main', [], true)
 9 SYSTEMPATH\Common.php(1173): CodeIgniter\View\View->render('home', [], true)
10 APPPATH\Controllers\Home.php(14): view('home', [...])
11 SYSTEMPATH\CodeIgniter.php(933): App\Controllers\Home->index()
12 SYSTEMPATH\CodeIgniter.php(507): CodeIgniter\CodeIgniter->runController(Object(App\Controllers\Home))
13 SYSTEMPATH\CodeIgniter.php(354): CodeIgniter\CodeIgniter->handleRequest(null, Object(Config\Cache), false)
14 SYSTEMPATH\Boot.php(334): CodeIgniter\CodeIgniter->run()
15 SYSTEMPATH\Boot.php(67): CodeIgniter\Boot::runCodeIgniter(Object(CodeIgniter\CodeIgniter))
16 FCPATH\index.php(56): CodeIgniter\Boot::bootWeb(Object(Config\Paths))
17 SYSTEMPATH\rewrite.php(44): require_once('C:\\xampp\\htdocs\\Framework\\public\\index.php')
CRITICAL - 2025-03-20 05:34:43 --> ArgumentCountError: Too few arguments to function CodeIgniter\View\Cell::__construct(), 0 passed in C:\xampp\htdocs\Framework\system\Config\Factories.php on line 152 and exactly 1 expected
[Method: GET, Route: /]
in SYSTEMPATH\View\Cell.php on line 62.
 1 SYSTEMPATH\Config\Factories.php(152): CodeIgniter\View\Cell->__construct()
 2 SYSTEMPATH\View\Cell.php(186): CodeIgniter\Config\Factories::__callStatic('cells', [])
 3 SYSTEMPATH\View\Cell.php(79): CodeIgniter\View\Cell->determineClass('App\\Cells\\ArtikelTerkini:render')
 4 SYSTEMPATH\Common.php(1189): CodeIgniter\View\Cell->render('App\\Cells\\ArtikelTerkini::render', null, 0, null)
 5 APPPATH\Views\layout\main.php(25): view_cell('App\\Cells\\ArtikelTerkini::render')
 6 SYSTEMPATH\View\View.php(224): include('C:\\xampp\\htdocs\\Framework\\app\\Views\\layout\\main.php')
 7 SYSTEMPATH\View\View.php(227): CodeIgniter\View\View->CodeIgniter\View\{closure}()
 8 SYSTEMPATH\View\View.php(240): CodeIgniter\View\View->render('layout/main', [], true)
 9 SYSTEMPATH\Common.php(1173): CodeIgniter\View\View->render('home', [], true)
10 APPPATH\Controllers\Home.php(14): view('home', [...])
11 SYSTEMPATH\CodeIgniter.php(933): App\Controllers\Home->index()
12 SYSTEMPATH\CodeIgniter.php(507): CodeIgniter\CodeIgniter->runController(Object(App\Controllers\Home))
13 SYSTEMPATH\CodeIgniter.php(354): CodeIgniter\CodeIgniter->handleRequest(null, Object(Config\Cache), false)
14 SYSTEMPATH\Boot.php(334): CodeIgniter\CodeIgniter->run()
15 SYSTEMPATH\Boot.php(67): CodeIgniter\Boot::runCodeIgniter(Object(CodeIgniter\CodeIgniter))
16 FCPATH\index.php(56): CodeIgniter\Boot::bootWeb(Object(Config\Paths))
17 SYSTEMPATH\rewrite.php(44): require_once('C:\\xampp\\htdocs\\Framework\\public\\index.php')
CRITICAL - 2025-03-20 05:37:23 --> ArgumentCountError: Too few arguments to function CodeIgniter\View\Cell::__construct(), 0 passed in C:\xampp\htdocs\Framework\system\Config\Factories.php on line 152 and exactly 1 expected
[Method: GET, Route: /]
in SYSTEMPATH\View\Cell.php on line 62.
 1 SYSTEMPATH\Config\Factories.php(152): CodeIgniter\View\Cell->__construct()
 2 SYSTEMPATH\View\Cell.php(186): CodeIgniter\Config\Factories::__callStatic('cells', [])
 3 SYSTEMPATH\View\Cell.php(79): CodeIgniter\View\Cell->determineClass('App\\Cells\\ArtikelTerkini:artikel')
 4 SYSTEMPATH\Common.php(1189): CodeIgniter\View\Cell->render('App\\Cells\\ArtikelTerkini::artikel', null, 0, null)
 5 APPPATH\Views\layout\main.php(24): view_cell('App\\Cells\\ArtikelTerkini::artikel')
 6 SYSTEMPATH\View\View.php(224): include('C:\\xampp\\htdocs\\Framework\\app\\Views\\layout\\main.php')
 7 SYSTEMPATH\View\View.php(227): CodeIgniter\View\View->CodeIgniter\View\{closure}()
 8 SYSTEMPATH\View\View.php(240): CodeIgniter\View\View->render('layout/main', [], true)
 9 SYSTEMPATH\Common.php(1173): CodeIgniter\View\View->render('home', [], true)
10 APPPATH\Controllers\Home.php(14): view('home', [...])
11 SYSTEMPATH\CodeIgniter.php(933): App\Controllers\Home->index()
12 SYSTEMPATH\CodeIgniter.php(507): CodeIgniter\CodeIgniter->runController(Object(App\Controllers\Home))
13 SYSTEMPATH\CodeIgniter.php(354): CodeIgniter\CodeIgniter->handleRequest(null, Object(Config\Cache), false)
14 SYSTEMPATH\Boot.php(334): CodeIgniter\CodeIgniter->run()
15 SYSTEMPATH\Boot.php(67): CodeIgniter\Boot::runCodeIgniter(Object(CodeIgniter\CodeIgniter))
16 FCPATH\index.php(56): CodeIgniter\Boot::bootWeb(Object(Config\Paths))
17 SYSTEMPATH\rewrite.php(44): require_once('C:\\xampp\\htdocs\\Framework\\public\\index.php')
CRITICAL - 2025-03-20 05:37:24 --> ArgumentCountError: Too few arguments to function CodeIgniter\View\Cell::__construct(), 0 passed in C:\xampp\htdocs\Framework\system\Config\Factories.php on line 152 and exactly 1 expected
[Method: GET, Route: /]
in SYSTEMPATH\View\Cell.php on line 62.
 1 SYSTEMPATH\Config\Factories.php(152): CodeIgniter\View\Cell->__construct()
 2 SYSTEMPATH\View\Cell.php(186): CodeIgniter\Config\Factories::__callStatic('cells', [])
 3 SYSTEMPATH\View\Cell.php(79): CodeIgniter\View\Cell->determineClass('App\\Cells\\ArtikelTerkini:artikel')
 4 SYSTEMPATH\Common.php(1189): CodeIgniter\View\Cell->render('App\\Cells\\ArtikelTerkini::artikel', null, 0, null)
 5 APPPATH\Views\layout\main.php(24): view_cell('App\\Cells\\ArtikelTerkini::artikel')
 6 SYSTEMPATH\View\View.php(224): include('C:\\xampp\\htdocs\\Framework\\app\\Views\\layout\\main.php')
 7 SYSTEMPATH\View\View.php(227): CodeIgniter\View\View->CodeIgniter\View\{closure}()
 8 SYSTEMPATH\View\View.php(240): CodeIgniter\View\View->render('layout/main', [], true)
 9 SYSTEMPATH\Common.php(1173): CodeIgniter\View\View->render('home', [], true)
10 APPPATH\Controllers\Home.php(14): view('home', [...])
11 SYSTEMPATH\CodeIgniter.php(933): App\Controllers\Home->index()
12 SYSTEMPATH\CodeIgniter.php(507): CodeIgniter\CodeIgniter->runController(Object(App\Controllers\Home))
13 SYSTEMPATH\CodeIgniter.php(354): CodeIgniter\CodeIgniter->handleRequest(null, Object(Config\Cache), false)
14 SYSTEMPATH\Boot.php(334): CodeIgniter\CodeIgniter->run()
15 SYSTEMPATH\Boot.php(67): CodeIgniter\Boot::runCodeIgniter(Object(CodeIgniter\CodeIgniter))
16 FCPATH\index.php(56): CodeIgniter\Boot::bootWeb(Object(Config\Paths))
17 SYSTEMPATH\rewrite.php(44): require_once('C:\\xampp\\htdocs\\Framework\\public\\index.php')
CRITICAL - 2025-03-20 05:45:50 --> ArgumentCountError: Too few arguments to function CodeIgniter\View\Cell::__construct(), 0 passed in C:\xampp\htdocs\Framework\system\Config\Factories.php on line 152 and exactly 1 expected
[Method: GET, Route: /]
in SYSTEMPATH\View\Cell.php on line 62.
 1 SYSTEMPATH\Config\Factories.php(152): CodeIgniter\View\Cell->__construct()
 2 SYSTEMPATH\View\Cell.php(186): CodeIgniter\Config\Factories::__callStatic('cells', [])
 3 SYSTEMPATH\View\Cell.php(79): CodeIgniter\View\Cell->determineClass('App\\Cells\\ArtikelTerkini:render')
 4 SYSTEMPATH\Common.php(1189): CodeIgniter\View\Cell->render('App\\Cells\\ArtikelTerkini::render', null, 0, null)
 5 APPPATH\Views\layout\main.php(24): view_cell('App\\Cells\\ArtikelTerkini::render')
 6 SYSTEMPATH\View\View.php(224): include('C:\\xampp\\htdocs\\Framework\\app\\Views\\layout\\main.php')
 7 SYSTEMPATH\View\View.php(227): CodeIgniter\View\View->CodeIgniter\View\{closure}()
 8 SYSTEMPATH\View\View.php(240): CodeIgniter\View\View->render('layout/main', [], true)
 9 SYSTEMPATH\Common.php(1173): CodeIgniter\View\View->render('home', [], true)
10 APPPATH\Controllers\Home.php(14): view('home', [...])
11 SYSTEMPATH\CodeIgniter.php(933): App\Controllers\Home->index()
12 SYSTEMPATH\CodeIgniter.php(507): CodeIgniter\CodeIgniter->runController(Object(App\Controllers\Home))
13 SYSTEMPATH\CodeIgniter.php(354): CodeIgniter\CodeIgniter->handleRequest(null, Object(Config\Cache), false)
14 SYSTEMPATH\Boot.php(334): CodeIgniter\CodeIgniter->run()
15 SYSTEMPATH\Boot.php(67): CodeIgniter\Boot::runCodeIgniter(Object(CodeIgniter\CodeIgniter))
16 FCPATH\index.php(56): CodeIgniter\Boot::bootWeb(Object(Config\Paths))
17 SYSTEMPATH\rewrite.php(44): require_once('C:\\xampp\\htdocs\\Framework\\public\\index.php')
ERROR - 2025-03-20 06:22:48 --> mysqli_sql_exception: Unknown column 'updated_at' in 'field list' in C:\xampp\htdocs\Framework\system\Database\MySQLi\Connection.php:327
Stack trace:
#0 C:\xampp\htdocs\Framework\system\Database\MySQLi\Connection.php(327): mysqli->query('UPDATE `artikel...', 0)
#1 C:\xampp\htdocs\Framework\system\Database\BaseConnection.php(738): CodeIgniter\Database\MySQLi\Connection->execute('UPDATE `artikel...')
#2 C:\xampp\htdocs\Framework\system\Database\BaseConnection.php(652): CodeIgniter\Database\BaseConnection->simpleQuery('UPDATE `artikel...')
#3 C:\xampp\htdocs\Framework\system\Database\BaseBuilder.php(2521): CodeIgniter\Database\BaseConnection->query('UPDATE `artikel...', Array, false)
#4 C:\xampp\htdocs\Framework\system\Model.php(461): CodeIgniter\Database\BaseBuilder->update()
#5 C:\xampp\htdocs\Framework\system\BaseModel.php(1027): CodeIgniter\Model->doUpdate(Array, Array)
#6 C:\xampp\htdocs\Framework\system\Model.php(863): CodeIgniter\BaseModel->update(Array, Array)
#7 C:\xampp\htdocs\Framework\app\Controllers\Artikel.php(70): CodeIgniter\Model->update('2', Array)
#8 C:\xampp\htdocs\Framework\system\CodeIgniter.php(933): App\Controllers\Artikel->edit('2')
#9 C:\xampp\htdocs\Framework\system\CodeIgniter.php(507): CodeIgniter\CodeIgniter->runController(Object(App\Controllers\Artikel))
#10 C:\xampp\htdocs\Framework\system\CodeIgniter.php(354): CodeIgniter\CodeIgniter->handleRequest(NULL, Object(Config\Cache), false)
#11 C:\xampp\htdocs\Framework\system\Boot.php(334): CodeIgniter\CodeIgniter->run()
#12 C:\xampp\htdocs\Framework\system\Boot.php(67): CodeIgniter\Boot::runCodeIgniter(Object(CodeIgniter\CodeIgniter))
#13 C:\xampp\htdocs\Framework\public\index.php(56): CodeIgniter\Boot::bootWeb(Object(Config\Paths))
#14 C:\xampp\htdocs\Framework\system\rewrite.php(44): require_once('C:\\xampp\\htdocs...')
#15 {main}
CRITICAL - 2025-03-20 06:22:48 --> CodeIgniter\Database\Exceptions\DatabaseException: Unknown column 'updated_at' in 'field list'
[Method: POST, Route: admin/artikel/edit/2]
in SYSTEMPATH\Database\BaseConnection.php on line 692.
 1 SYSTEMPATH\Database\BaseBuilder.php(2521): CodeIgniter\Database\BaseConnection->query('UPDATE `artikel` SET `judul` = :judul:, `isi` = :isi:, `updated_at` = :updated_at:
WHERE `artikel`.`id` IN :artikel.id:', [...], false)
 2 SYSTEMPATH\Model.php(461): CodeIgniter\Database\BaseBuilder->update()
 3 SYSTEMPATH\BaseModel.php(1027): CodeIgniter\Model->doUpdate([...], [...])
 4 SYSTEMPATH\Model.php(863): CodeIgniter\BaseModel->update([...], [...])
 5 APPPATH\Controllers\Artikel.php(70): CodeIgniter\Model->update('2', [...])
 6 SYSTEMPATH\CodeIgniter.php(933): App\Controllers\Artikel->edit('2')
 7 SYSTEMPATH\CodeIgniter.php(507): CodeIgniter\CodeIgniter->runController(Object(App\Controllers\Artikel))
 8 SYSTEMPATH\CodeIgniter.php(354): CodeIgniter\CodeIgniter->handleRequest(null, Object(Config\Cache), false)
 9 SYSTEMPATH\Boot.php(334): CodeIgniter\CodeIgniter->run()
10 SYSTEMPATH\Boot.php(67): CodeIgniter\Boot::runCodeIgniter(Object(CodeIgniter\CodeIgniter))
11 FCPATH\index.php(56): CodeIgniter\Boot::bootWeb(Object(Config\Paths))
12 SYSTEMPATH\rewrite.php(44): require_once('C:\\xampp\\htdocs\\Framework\\public\\index.php')
CRITICAL - 2025-03-20 06:22:48 --> [Caused by] CodeIgniter\Database\Exceptions\DatabaseException: Unknown column 'updated_at' in 'field list'
in SYSTEMPATH\Database\MySQLi\Connection.php on line 332.
 1 SYSTEMPATH\Database\BaseConnection.php(738): CodeIgniter\Database\MySQLi\Connection->execute('UPDATE `artikel` SET `judul` = \'Artikel Kedua\', `isi` = \'Tidak seperti anggapan banyak orang, Lorem Ipsum bukanlah teks-teks yang diacak. Ia berakar dari sebuah naskah sastra latin klasik dari era 45 sebelum masehi, hingga bisa dipastikan usianya telah mencapai lebih dari 2000 tahun.\\r\\n\\r\\n\\r\\n\', `updated_at` = \'2025-03-20 06:22:48\'
WHERE `artikel`.`id` IN (\'2\')')
 2 SYSTEMPATH\Database\BaseConnection.php(652): CodeIgniter\Database\BaseConnection->simpleQuery('UPDATE `artikel` SET `judul` = \'Artikel Kedua\', `isi` = \'Tidak seperti anggapan banyak orang, Lorem Ipsum bukanlah teks-teks yang diacak. Ia berakar dari sebuah naskah sastra latin klasik dari era 45 sebelum masehi, hingga bisa dipastikan usianya telah mencapai lebih dari 2000 tahun.\\r\\n\\r\\n\\r\\n\', `updated_at` = \'2025-03-20 06:22:48\'
WHERE `artikel`.`id` IN (\'2\')')
 3 SYSTEMPATH\Database\BaseBuilder.php(2521): CodeIgniter\Database\BaseConnection->query('UPDATE `artikel` SET `judul` = :judul:, `isi` = :isi:, `updated_at` = :updated_at:
WHERE `artikel`.`id` IN :artikel.id:', [...], false)
 4 SYSTEMPATH\Model.php(461): CodeIgniter\Database\BaseBuilder->update()
 5 SYSTEMPATH\BaseModel.php(1027): CodeIgniter\Model->doUpdate([...], [...])
 6 SYSTEMPATH\Model.php(863): CodeIgniter\BaseModel->update([...], [...])
 7 APPPATH\Controllers\Artikel.php(70): CodeIgniter\Model->update('2', [...])
 8 SYSTEMPATH\CodeIgniter.php(933): App\Controllers\Artikel->edit('2')
 9 SYSTEMPATH\CodeIgniter.php(507): CodeIgniter\CodeIgniter->runController(Object(App\Controllers\Artikel))
10 SYSTEMPATH\CodeIgniter.php(354): CodeIgniter\CodeIgniter->handleRequest(null, Object(Config\Cache), false)
11 SYSTEMPATH\Boot.php(334): CodeIgniter\CodeIgniter->run()
12 SYSTEMPATH\Boot.php(67): CodeIgniter\Boot::runCodeIgniter(Object(CodeIgniter\CodeIgniter))
13 FCPATH\index.php(56): CodeIgniter\Boot::bootWeb(Object(Config\Paths))
14 SYSTEMPATH\rewrite.php(44): require_once('C:\\xampp\\htdocs\\Framework\\public\\index.php')
CRITICAL - 2025-03-20 06:22:48 --> [Caused by] mysqli_sql_exception: Unknown column 'updated_at' in 'field list'
in SYSTEMPATH\Database\MySQLi\Connection.php on line 327.
 1 SYSTEMPATH\Database\MySQLi\Connection.php(327): mysqli->query('UPDATE `artikel` SET `judul` = \'Artikel Kedua\', `isi` = \'Tidak seperti anggapan banyak orang, Lorem Ipsum bukanlah teks-teks yang diacak. Ia berakar dari sebuah naskah sastra latin klasik dari era 45 sebelum masehi, hingga bisa dipastikan usianya telah mencapai lebih dari 2000 tahun.\\r\\n\\r\\n\\r\\n\', `updated_at` = \'2025-03-20 06:22:48\'
WHERE `artikel`.`id` IN (\'2\')', 0)
 2 SYSTEMPATH\Database\BaseConnection.php(738): CodeIgniter\Database\MySQLi\Connection->execute('UPDATE `artikel` SET `judul` = \'Artikel Kedua\', `isi` = \'Tidak seperti anggapan banyak orang, Lorem Ipsum bukanlah teks-teks yang diacak. Ia berakar dari sebuah naskah sastra latin klasik dari era 45 sebelum masehi, hingga bisa dipastikan usianya telah mencapai lebih dari 2000 tahun.\\r\\n\\r\\n\\r\\n\', `updated_at` = \'2025-03-20 06:22:48\'
WHERE `artikel`.`id` IN (\'2\')')
 3 SYSTEMPATH\Database\BaseConnection.php(652): CodeIgniter\Database\BaseConnection->simpleQuery('UPDATE `artikel` SET `judul` = \'Artikel Kedua\', `isi` = \'Tidak seperti anggapan banyak orang, Lorem Ipsum bukanlah teks-teks yang diacak. Ia berakar dari sebuah naskah sastra latin klasik dari era 45 sebelum masehi, hingga bisa dipastikan usianya telah mencapai lebih dari 2000 tahun.\\r\\n\\r\\n\\r\\n\', `updated_at` = \'2025-03-20 06:22:48\'
WHERE `artikel`.`id` IN (\'2\')')
 4 SYSTEMPATH\Database\BaseBuilder.php(2521): CodeIgniter\Database\BaseConnection->query('UPDATE `artikel` SET `judul` = :judul:, `isi` = :isi:, `updated_at` = :updated_at:
WHERE `artikel`.`id` IN :artikel.id:', [...], false)
 5 SYSTEMPATH\Model.php(461): CodeIgniter\Database\BaseBuilder->update()
 6 SYSTEMPATH\BaseModel.php(1027): CodeIgniter\Model->doUpdate([...], [...])
 7 SYSTEMPATH\Model.php(863): CodeIgniter\BaseModel->update([...], [...])
 8 APPPATH\Controllers\Artikel.php(70): CodeIgniter\Model->update('2', [...])
 9 SYSTEMPATH\CodeIgniter.php(933): App\Controllers\Artikel->edit('2')
10 SYSTEMPATH\CodeIgniter.php(507): CodeIgniter\CodeIgniter->runController(Object(App\Controllers\Artikel))
11 SYSTEMPATH\CodeIgniter.php(354): CodeIgniter\CodeIgniter->handleRequest(null, Object(Config\Cache), false)
12 SYSTEMPATH\Boot.php(334): CodeIgniter\CodeIgniter->run()
13 SYSTEMPATH\Boot.php(67): CodeIgniter\Boot::runCodeIgniter(Object(CodeIgniter\CodeIgniter))
14 FCPATH\index.php(56): CodeIgniter\Boot::bootWeb(Object(Config\Paths))
15 SYSTEMPATH\rewrite.php(44): require_once('C:\\xampp\\htdocs\\Framework\\public\\index.php')
